<?xml version="1.0" encoding="UTF-8"?>
<!-- Generated by org.testng.reporters.JUnitReportReporter -->
<testsuite hostname="Sudha" failures="0" tests="5" name="api.test.OrderTests" time="19.116" errors="0" timestamp="2024-02-24T01:50:59 EST" skipped="0">
  <testcase classname="api.test.OrderTests" name="apiKey01" time="7.576"/>
  <testcase classname="api.test.OrderTests" name="testPostOrder02" time="1.980"/>
  <testcase classname="api.test.OrderTests" name="testGetOrderByOrderid03" time="2.514"/>
  <testcase classname="api.test.OrderTests" name="testUpdateOrderByOrderId04" time="2.762"/>
  <testcase classname="api.test.OrderTests" name="testDeleteOrderByOrderid05" time="4.284"/>
</testsuite> <!-- api.test.OrderTests -->
