<?xml version="1.0" encoding="UTF-8"?>
<!-- Generated by org.testng.reporters.JUnitReportReporter -->
<testsuite hostname="Sudha" failures="0" tests="1" name="api.endpoints.UserEndPoints" time="3.346" errors="0" timestamp="2024-01-26T23:17:59 EST" skipped="0">
  <testcase classname="api.endpoints.UserEndPoints" name="generateApiKey" time="3.346"/>
</testsuite> <!-- api.endpoints.UserEndPoints -->
