<?xml version="1.0" encoding="UTF-8"?>
<!-- Generated by org.testng.reporters.JUnitReportReporter -->
<testsuite hostname="Sudha" failures="0" tests="5" name="api.test.OrderTests" time="14.393" errors="0" timestamp="2024-02-14T19:51:57 EST" skipped="0">
  <testcase classname="api.test.OrderTests" name="apiKey01" time="6.246"/>
  <testcase classname="api.test.OrderTests" name="testPostOrder02" time="2.279"/>
  <testcase classname="api.test.OrderTests" name="testGetOrderByOrderid03" time="1.669"/>
  <testcase classname="api.test.OrderTests" name="testUpdateOrderByOrderId04" time="2.412"/>
  <testcase classname="api.test.OrderTests" name="testDeleteOrderByOrderid05" time="1.787"/>
</testsuite> <!-- api.test.OrderTests -->
